{
  "RSpec": {
    "coverage": {
      "/home/theroncross/Desktop/phase3/progress/app/controllers/users_controller.rb": [
        1,
        1,
        1,
        null,
        null,
        null,
        1,
        1,
        null,
        null,
        null,
        null,
        1,
        0,
        0,
        null,
        null,
        null,
        1,
        1,
        null,
        null,
        1,
        0,
        0,
        null,
        null,
        null,
        null,
        null,
        null,
        null,
        1,
        0,
        null,
        null,
        null,
        null,
        1,
        0,
        0,
        0,
        null,
        0,
        0,
        0,
        0,
        null,
        0,
        0,
        null,
        null,
        null,
        null,
        null,
        null,
        1,
        0,
        0,
        0,
        0,
        null,
        0,
        0,
        null,
        null,
        null,
        null,
        null,
        null,
        1,
        0,
        0,
        0,
        0,
        null,
        null,
        null,
        1,
        null,
        1,
        0,
        null,
        null,
        null,
        1,
        0,
        null,
        null
      ],
      "/home/theroncross/Desktop/phase3/progress/app/controllers/application_controller.rb": [
        1,
        null,
        null,
        1,
        1,
        null,
        1,
        null,
        1,
        0,
        null,
        null
      ],
      "/home/theroncross/Desktop/phase3/progress/app/models/goal.rb": [
        1,
        1,
        1,
        1,
        1,
        null,
        1,
        1,
        1,
        null,
        1,
        1,
        1,
        null,
        0,
        null,
        null,
        null
      ],
      "/home/theroncross/Desktop/phase3/progress/app/models/rating.rb": [
        1,
        1,
        1,
        null,
        null
      ],
      "/home/theroncross/Desktop/phase3/progress/app/models/user.rb": [
        1,
        1,
        null,
        1,
        1,
        1,
        null,
        1,
        null,
        1,
        1,
        1,
        null,
        1,
        null,
        1,
        0,
        0,
        null,
        null,
        1,
        0,
        0,
        0,
        0,
        0,
        0,
        0,
        0,
        null,
        null
      ],
      "/home/theroncross/Desktop/phase3/progress/app/controllers/user_sessions_controller.rb": [
        0,
        0,
        0,
        0,
        0,
        0,
        0,
        0,
        0,
        0,
        0,
        0,
        0,
        0,
        0,
        0,
        0,
        0,
        0,
        0,
        0
      ],
      "/home/theroncross/Desktop/phase3/progress/app/controllers/groups_controller.rb": [
        0,
        0,
        0,
        0,
        0,
        0,
        0,
        0,
        0,
        0,
        0,
        0,
        0
      ],
      "/home/theroncross/Desktop/phase3/progress/app/controllers/ratings_controller.rb": [
        0,
        0,
        0,
        0,
        0,
        0,
        0,
        0,
        0,
        0,
        0,
        0,
        0,
        0,
        0,
        0,
        0,
        0,
        0,
        0,
        0,
        0,
        0,
        0,
        0,
        0,
        0,
        0,
        0,
        0,
        0,
        0,
        0,
        0,
        0,
        0,
        0,
        0,
        0
      ],
      "/home/theroncross/Desktop/phase3/progress/app/controllers/goals_controller.rb": [
        0,
        0,
        0,
        0,
        0,
        0,
        0,
        0,
        0,
        0,
        0,
        0,
        0,
        0,
        0,
        0,
        0,
        0,
        0,
        0,
        0,
        0,
        0,
        0,
        0,
        0,
        0,
        0,
        0,
        0,
        0,
        0,
        0,
        0,
        0,
        0,
        0,
        0,
        0,
        0,
        0,
        0,
        0,
        0,
        0,
        0,
        0,
        0,
        0,
        0,
        0,
        0,
        0,
        0,
        0,
        0,
        0,
        0,
        0,
        0,
        0,
        0,
        0,
        0,
        0,
        0,
        0,
        0,
        0,
        0,
        0,
        0,
        0
      ],
      "/home/theroncross/Desktop/phase3/progress/app/models/group.rb": [
        0,
        0,
        0
      ],
      "/home/theroncross/Desktop/phase3/progress/app/models/tagging.rb": [
        0,
        0,
        0,
        0,
        0
      ],
      "/home/theroncross/Desktop/phase3/progress/app/models/tag.rb": [
        0,
        0,
        0,
        0,
        0
      ],
      "/home/theroncross/Desktop/phase3/progress/app/helpers/application_helper.rb": [
        0,
        0
      ],
      "/home/theroncross/Desktop/phase3/progress/app/helpers/users_helper.rb": [
        0,
        0
      ],
      "/home/theroncross/Desktop/phase3/progress/app/helpers/goals_helper.rb": [
        0,
        0
      ],
      "/home/theroncross/Desktop/phase3/progress/app/helpers/user_sessions_helper.rb": [
        0,
        0
      ],
      "/home/theroncross/Desktop/phase3/progress/app/helpers/ratings_helper.rb": [
        0,
        0
      ]
    },
    "timestamp": 1467292969
  }
}
